<?xml version="1.0" encoding="UTF-8"?>
<!-- Generated by org.testng.reporters.JUnitXMLReporter -->
<testsuite ignored="0" hostname="Laptop" failures="0" tests="7" name="my test" time="15.379" errors="0" timestamp="2025-03-10T23:33:42 IST">
  <testcase classname="testNG.FirstTestCase" name="openApp" time="0.011"/>
  <testcase classname="testNG.FirstTestCase" name="login" time="0.002"/>
  <testcase classname="testNG.FirstTestCase" name="logout" time="0.001"/>
  <testcase classname="testNG.OrangeHRMTest" name="openApp" time="11.178"/>
  <testcase classname="testNG.OrangeHRMTest" name="testLogo" time="3.122"/>
  <testcase classname="testNG.OrangeHRMTest" name="testLogin" time="0.595"/>
  <testcase classname="testNG.OrangeHRMTest" name="closeApp" time="0.387"/>
</testsuite> <!-- my test -->
