<?xml version="1.0" encoding="UTF-8"?>
<!-- Generated by org.testng.reporters.JUnitXMLReporter -->
<testsuite ignored="0" hostname="Laptop" failures="0" tests="3" name="Default test" time="12.738" errors="0" timestamp="2025-03-13T01:47:27 IST">
  <testcase classname="testNGListener.OrangeHRMTest" name="testLogo" time="0.131"/>
  <testcase classname="testNGListener.OrangeHRMTest" name="testappUrl" time="0.028"/>
  <testcase classname="testNGListener.OrangeHRMTest" name="testHomePageTitle" time="0.017"/>
</testsuite> <!-- Default test -->
