<?xml version="1.0" encoding="UTF-8"?>
<!-- Generated by org.testng.reporters.JUnitXMLReporter -->
<testsuite ignored="0" hostname="Laptop" failures="0" tests="4" name="Default test" time="11.99" errors="0" timestamp="2025-03-10T23:16:45 IST">
  <testcase classname="testNG.OrangeHRMTest" name="openApp" time="7.9"/>
  <testcase classname="testNG.OrangeHRMTest" name="testLogo" time="3.086"/>
  <testcase classname="testNG.OrangeHRMTest" name="testLogin" time="0.431"/>
  <testcase classname="testNG.OrangeHRMTest" name="closeApp" time="0.504"/>
</testsuite> <!-- Default test -->
