<?xml version="1.0" encoding="UTF-8"?>
<!-- Generated by org.testng.reporters.JUnitXMLReporter -->
<testsuite ignored="0" hostname="Laptop" failures="0" tests="3" name="ChromeTest" time="8.323" errors="0" timestamp="2025-03-12T20:11:12 IST">
  <testcase classname="parallelTestUsingXML.ParamTest" name="testLogo" time="2.063"/>
  <testcase classname="parallelTestUsingXML.ParamTest" name="testTitle" time="0.008"/>
  <testcase classname="parallelTestUsingXML.ParamTest" name="testUrl" time="0.009"/>
</testsuite> <!-- ChromeTest -->
