<?xml version="1.0" encoding="UTF-8"?>
<!-- Generated by org.testng.reporters.JUnitXMLReporter -->
<testsuite ignored="0" hostname="Laptop" failures="0" tests="3" name="EdgeTest" time="9.816" errors="0" timestamp="2025-03-12T20:08:16 IST">
  <testcase classname="parallelTestUsingXML.ParamTest" name="testLogo" time="2.055"/>
  <testcase classname="parallelTestUsingXML.ParamTest" name="testTitle" time="0.01"/>
  <testcase classname="parallelTestUsingXML.ParamTest" name="testUrl" time="0.011"/>
</testsuite> <!-- EdgeTest -->
