<?xml version="1.0" encoding="UTF-8"?>
<!-- Generated by org.testng.reporters.JUnitXMLReporter -->
<testsuite ignored="5" hostname="Laptop" failures="0" tests="3" name="Test" time="0.052" errors="0" timestamp="2025-03-12T02:44:56 IST">
  <testcase classname="grouping.LoginTest" name="loginByEmail" time="0.012"/>
  <testcase classname="grouping.LoginTest" name="loginByFacebook" time="0.002"/>
  <testcase classname="grouping.LoginTest" name="loginByTwitter" time="0.001"/>
  <testcase classname="grouping.PaymentTest" name="paymentInDollar" time="0.0">
    <ignored/>
  </testcase> <!-- paymentInDollar -->
  <testcase classname="grouping.PaymentTest" name="paymentInRuppes" time="0.0">
    <ignored/>
  </testcase> <!-- paymentInRuppes -->
  <testcase classname="grouping.SignUpTest" name="signUpByEmail" time="0.0">
    <ignored/>
  </testcase> <!-- signUpByEmail -->
  <testcase classname="grouping.SignUpTest" name="signUpBytwitter" time="0.0">
    <ignored/>
  </testcase> <!-- signUpBytwitter -->
  <testcase classname="grouping.SignUpTest" name="signUpByFacebook" time="0.0">
    <ignored/>
  </testcase> <!-- signUpByFacebook -->
</testsuite> <!-- Test -->
