<?xml version="1.0" encoding="UTF-8"?>
<!-- Generated by org.testng.reporters.JUnitXMLReporter -->
<testsuite ignored="0" hostname="Laptop" failures="0" tests="3" name="Test" time="13.362" errors="0" timestamp="2025-03-13T01:41:11 IST">
  <testcase classname="testNGListener.OrangeHRMTest" name="testLogo" time="0.07"/>
  <testcase classname="testNGListener.OrangeHRMTest" name="testappUrl" time="0.013"/>
  <testcase classname="testNGListener.OrangeHRMTest" name="testHomePageTitle" time="0.014"/>
</testsuite> <!-- Test -->
