<?xml version="1.0" encoding="UTF-8"?>
<testng-results ignored="0" total="1" passed="1" failed="0" skipped="0">
  <reporter-output>
  </reporter-output>
  <suite started-at="2025-03-18T18:42:36 IST" name="Suite" finished-at="2025-03-18T18:42:52 IST" duration-ms="15897">
    <groups>
    </groups>
    <test started-at="2025-03-18T18:42:36 IST" name="Test" finished-at="2025-03-18T18:42:52 IST" duration-ms="15897">
      <class name="pomUsingPageFactory.LoginTest">
        <test-method is-config="true" signature="setup()[pri:0, instance:pomUsingPageFactory.LoginTest@4fb61f4a]" started-at="2025-03-18T18:42:36 IST" name="setup" finished-at="2025-03-18T18:42:49 IST" duration-ms="12233" status="PASS">
          <reporter-output>
          </reporter-output>
        </test-method> <!-- setup -->
        <test-method signature="testLogin()[pri:0, instance:pomUsingPageFactory.LoginTest@4fb61f4a]" started-at="2025-03-18T18:42:49 IST" name="testLogin" finished-at="2025-03-18T18:42:52 IST" duration-ms="2981" status="PASS">
          <reporter-output>
          </reporter-output>
        </test-method> <!-- testLogin -->
        <test-method is-config="true" signature="tearDown()[pri:0, instance:pomUsingPageFactory.LoginTest@4fb61f4a]" started-at="2025-03-18T18:42:52 IST" name="tearDown" finished-at="2025-03-18T18:42:52 IST" duration-ms="605" status="PASS">
          <reporter-output>
          </reporter-output>
        </test-method> <!-- tearDown -->
      </class> <!-- pomUsingPageFactory.LoginTest -->
    </test> <!-- Test -->
  </suite> <!-- Suite -->
</testng-results>
